<?xml version="1.0" encoding="UTF-8"?>
<testsuite xmlns:xsi="http://www.w3.org/2001/XMLSchema-instance" xsi:noNamespaceSchemaLocation="https://maven.apache.org/surefire/maven-surefire-plugin/xsd/surefire-test-report.xsd" name="ch.yax.kafka.ingest.KafkaRestIngestApplicationTests" time="2.408" tests="1" errors="0" skipped="0" failures="0">
  <properties>
    <property name="gopherProxySet" value="false"/>
    <property name="awt.toolkit" value="sun.lwawt.macosx.LWCToolkit"/>
    <property name="java.specification.version" value="11"/>
    <property name="sun.cpu.isalist" value=""/>
    <property name="sun.jnu.encoding" value="UTF-8"/>
    <property name="java.class.path" value="/Users/mru/github_repo/kafka-rest-ingest/target/test-classes:/Users/mru/github_repo/kafka-rest-ingest/target/classes:/Users/mru/.m2/repository-local/org/springframework/boot/spring-boot-starter-web/2.3.0.RELEASE/spring-boot-starter-web-2.3.0.RELEASE.jar:/Users/mru/.m2/repository-local/org/springframework/boot/spring-boot-starter/2.3.0.RELEASE/spring-boot-starter-2.3.0.RELEASE.jar:/Users/mru/.m2/repository-local/org/springframework/boot/spring-boot/2.3.0.RELEASE/spring-boot-2.3.0.RELEASE.jar:/Users/mru/.m2/repository-local/org/springframework/boot/spring-boot-autoconfigure/2.3.0.RELEASE/spring-boot-autoconfigure-2.3.0.RELEASE.jar:/Users/mru/.m2/repository-local/org/springframework/boot/spring-boot-starter-logging/2.3.0.RELEASE/spring-boot-starter-logging-2.3.0.RELEASE.jar:/Users/mru/.m2/repository-local/ch/qos/logback/logback-classic/1.2.3/logback-classic-1.2.3.jar:/Users/mru/.m2/repository-local/ch/qos/logback/logback-core/1.2.3/logback-core-1.2.3.jar:/Users/mru/.m2/repository-local/org/apache/logging/log4j/log4j-to-slf4j/2.13.2/log4j-to-slf4j-2.13.2.jar:/Users/mru/.m2/repository-local/org/apache/logging/log4j/log4j-api/2.13.2/log4j-api-2.13.2.jar:/Users/mru/.m2/repository-local/org/slf4j/jul-to-slf4j/1.7.30/jul-to-slf4j-1.7.30.jar:/Users/mru/.m2/repository-local/jakarta/annotation/jakarta.annotation-api/1.3.5/jakarta.annotation-api-1.3.5.jar:/Users/mru/.m2/repository-local/org/yaml/snakeyaml/1.26/snakeyaml-1.26.jar:/Users/mru/.m2/repository-local/org/springframework/boot/spring-boot-starter-json/2.3.0.RELEASE/spring-boot-starter-json-2.3.0.RELEASE.jar:/Users/mru/.m2/repository-local/com/fasterxml/jackson/core/jackson-databind/2.11.0/jackson-databind-2.11.0.jar:/Users/mru/.m2/repository-local/com/fasterxml/jackson/core/jackson-annotations/2.11.0/jackson-annotations-2.11.0.jar:/Users/mru/.m2/repository-local/com/fasterxml/jackson/core/jackson-core/2.11.0/jackson-core-2.11.0.jar:/Users/mru/.m2/repository-local/com/fasterxml/jackson/datatype/jackson-datatype-jdk8/2.11.0/jackson-datatype-jdk8-2.11.0.jar:/Users/mru/.m2/repository-local/com/fasterxml/jackson/datatype/jackson-datatype-jsr310/2.11.0/jackson-datatype-jsr310-2.11.0.jar:/Users/mru/.m2/repository-local/com/fasterxml/jackson/module/jackson-module-parameter-names/2.11.0/jackson-module-parameter-names-2.11.0.jar:/Users/mru/.m2/repository-local/org/springframework/boot/spring-boot-starter-tomcat/2.3.0.RELEASE/spring-boot-starter-tomcat-2.3.0.RELEASE.jar:/Users/mru/.m2/repository-local/org/apache/tomcat/embed/tomcat-embed-core/9.0.35/tomcat-embed-core-9.0.35.jar:/Users/mru/.m2/repository-local/org/glassfish/jakarta.el/3.0.3/jakarta.el-3.0.3.jar:/Users/mru/.m2/repository-local/org/apache/tomcat/embed/tomcat-embed-websocket/9.0.35/tomcat-embed-websocket-9.0.35.jar:/Users/mru/.m2/repository-local/org/springframework/spring-web/5.2.6.RELEASE/spring-web-5.2.6.RELEASE.jar:/Users/mru/.m2/repository-local/org/springframework/spring-beans/5.2.6.RELEASE/spring-beans-5.2.6.RELEASE.jar:/Users/mru/.m2/repository-local/org/springframework/spring-webmvc/5.2.6.RELEASE/spring-webmvc-5.2.6.RELEASE.jar:/Users/mru/.m2/repository-local/org/springframework/spring-aop/5.2.6.RELEASE/spring-aop-5.2.6.RELEASE.jar:/Users/mru/.m2/repository-local/org/springframework/spring-expression/5.2.6.RELEASE/spring-expression-5.2.6.RELEASE.jar:/Users/mru/.m2/repository-local/org/springframework/kafka/spring-kafka/2.5.0.RELEASE/spring-kafka-2.5.0.RELEASE.jar:/Users/mru/.m2/repository-local/org/springframework/spring-context/5.2.6.RELEASE/spring-context-5.2.6.RELEASE.jar:/Users/mru/.m2/repository-local/org/springframework/spring-messaging/5.2.6.RELEASE/spring-messaging-5.2.6.RELEASE.jar:/Users/mru/.m2/repository-local/org/springframework/spring-tx/5.2.6.RELEASE/spring-tx-5.2.6.RELEASE.jar:/Users/mru/.m2/repository-local/org/springframework/retry/spring-retry/1.2.5.RELEASE/spring-retry-1.2.5.RELEASE.jar:/Users/mru/.m2/repository-local/org/apache/kafka/kafka-clients/2.5.0/kafka-clients-2.5.0.jar:/Users/mru/.m2/repository-local/com/github/luben/zstd-jni/1.4.4-7/zstd-jni-1.4.4-7.jar:/Users/mru/.m2/repository-local/org/lz4/lz4-java/1.7.1/lz4-java-1.7.1.jar:/Users/mru/.m2/repository-local/org/xerial/snappy/snappy-java/1.1.7.3/snappy-java-1.1.7.3.jar:/Users/mru/.m2/repository-local/org/slf4j/slf4j-api/1.7.30/slf4j-api-1.7.30.jar:/Users/mru/.m2/repository-local/org/springframework/boot/spring-boot-starter-test/2.3.0.RELEASE/spring-boot-starter-test-2.3.0.RELEASE.jar:/Users/mru/.m2/repository-local/org/springframework/boot/spring-boot-test/2.3.0.RELEASE/spring-boot-test-2.3.0.RELEASE.jar:/Users/mru/.m2/repository-local/org/springframework/boot/spring-boot-test-autoconfigure/2.3.0.RELEASE/spring-boot-test-autoconfigure-2.3.0.RELEASE.jar:/Users/mru/.m2/repository-local/com/jayway/jsonpath/json-path/2.4.0/json-path-2.4.0.jar:/Users/mru/.m2/repository-local/net/minidev/json-smart/2.3/json-smart-2.3.jar:/Users/mru/.m2/repository-local/net/minidev/accessors-smart/1.2/accessors-smart-1.2.jar:/Users/mru/.m2/repository-local/org/ow2/asm/asm/5.0.4/asm-5.0.4.jar:/Users/mru/.m2/repository-local/jakarta/xml/bind/jakarta.xml.bind-api/2.3.3/jakarta.xml.bind-api-2.3.3.jar:/Users/mru/.m2/repository-local/jakarta/activation/jakarta.activation-api/1.2.2/jakarta.activation-api-1.2.2.jar:/Users/mru/.m2/repository-local/org/assertj/assertj-core/3.16.1/assertj-core-3.16.1.jar:/Users/mru/.m2/repository-local/org/hamcrest/hamcrest/2.2/hamcrest-2.2.jar:/Users/mru/.m2/repository-local/org/junit/jupiter/junit-jupiter/5.6.2/junit-jupiter-5.6.2.jar:/Users/mru/.m2/repository-local/org/junit/jupiter/junit-jupiter-params/5.6.2/junit-jupiter-params-5.6.2.jar:/Users/mru/.m2/repository-local/org/junit/jupiter/junit-jupiter-engine/5.6.2/junit-jupiter-engine-5.6.2.jar:/Users/mru/.m2/repository-local/org/junit/platform/junit-platform-engine/1.6.2/junit-platform-engine-1.6.2.jar:/Users/mru/.m2/repository-local/org/mockito/mockito-core/3.3.3/mockito-core-3.3.3.jar:/Users/mru/.m2/repository-local/net/bytebuddy/byte-buddy/1.10.10/byte-buddy-1.10.10.jar:/Users/mru/.m2/repository-local/net/bytebuddy/byte-buddy-agent/1.10.10/byte-buddy-agent-1.10.10.jar:/Users/mru/.m2/repository-local/org/objenesis/objenesis/2.6/objenesis-2.6.jar:/Users/mru/.m2/repository-local/org/mockito/mockito-junit-jupiter/3.3.3/mockito-junit-jupiter-3.3.3.jar:/Users/mru/.m2/repository-local/org/skyscreamer/jsonassert/1.5.0/jsonassert-1.5.0.jar:/Users/mru/.m2/repository-local/com/vaadin/external/google/android-json/0.0.20131108.vaadin1/android-json-0.0.20131108.vaadin1.jar:/Users/mru/.m2/repository-local/org/springframework/spring-core/5.2.6.RELEASE/spring-core-5.2.6.RELEASE.jar:/Users/mru/.m2/repository-local/org/springframework/spring-jcl/5.2.6.RELEASE/spring-jcl-5.2.6.RELEASE.jar:/Users/mru/.m2/repository-local/org/springframework/spring-test/5.2.6.RELEASE/spring-test-5.2.6.RELEASE.jar:/Users/mru/.m2/repository-local/org/xmlunit/xmlunit-core/2.7.0/xmlunit-core-2.7.0.jar:/Users/mru/.m2/repository-local/org/springframework/kafka/spring-kafka-test/2.5.0.RELEASE/spring-kafka-test-2.5.0.RELEASE.jar:/Users/mru/.m2/repository-local/org/apache/kafka/kafka-clients/2.5.0/kafka-clients-2.5.0-test.jar:/Users/mru/.m2/repository-local/org/apache/kafka/kafka-streams/2.5.0/kafka-streams-2.5.0.jar:/Users/mru/.m2/repository-local/org/apache/kafka/connect-json/2.5.0/connect-json-2.5.0.jar:/Users/mru/.m2/repository-local/org/apache/kafka/connect-api/2.5.0/connect-api-2.5.0.jar:/Users/mru/.m2/repository-local/org/rocksdb/rocksdbjni/5.18.3/rocksdbjni-5.18.3.jar:/Users/mru/.m2/repository-local/org/apache/kafka/kafka-streams-test-utils/2.5.0/kafka-streams-test-utils-2.5.0.jar:/Users/mru/.m2/repository-local/org/apache/kafka/kafka_2.12/2.5.0/kafka_2.12-2.5.0.jar:/Users/mru/.m2/repository-local/com/fasterxml/jackson/module/jackson-module-scala_2.12/2.11.0/jackson-module-scala_2.12-2.11.0.jar:/Users/mru/.m2/repository-local/com/fasterxml/jackson/module/jackson-module-paranamer/2.11.0/jackson-module-paranamer-2.11.0.jar:/Users/mru/.m2/repository-local/com/thoughtworks/paranamer/paranamer/2.8/paranamer-2.8.jar:/Users/mru/.m2/repository-local/com/fasterxml/jackson/dataformat/jackson-dataformat-csv/2.11.0/jackson-dataformat-csv-2.11.0.jar:/Users/mru/.m2/repository-local/net/sf/jopt-simple/jopt-simple/5.0.4/jopt-simple-5.0.4.jar:/Users/mru/.m2/repository-local/com/yammer/metrics/metrics-core/2.2.0/metrics-core-2.2.0.jar:/Users/mru/.m2/repository-local/org/scala-lang/modules/scala-collection-compat_2.12/2.1.3/scala-collection-compat_2.12-2.1.3.jar:/Users/mru/.m2/repository-local/org/scala-lang/modules/scala-java8-compat_2.12/0.9.0/scala-java8-compat_2.12-0.9.0.jar:/Users/mru/.m2/repository-local/org/scala-lang/scala-library/2.12.10/scala-library-2.12.10.jar:/Users/mru/.m2/repository-local/org/scala-lang/scala-reflect/2.12.10/scala-reflect-2.12.10.jar:/Users/mru/.m2/repository-local/com/typesafe/scala-logging/scala-logging_2.12/3.9.2/scala-logging_2.12-3.9.2.jar:/Users/mru/.m2/repository-local/org/apache/zookeeper/zookeeper/3.5.7/zookeeper-3.5.7.jar:/Users/mru/.m2/repository-local/org/apache/zookeeper/zookeeper-jute/3.5.7/zookeeper-jute-3.5.7.jar:/Users/mru/.m2/repository-local/org/apache/yetus/audience-annotations/0.5.0/audience-annotations-0.5.0.jar:/Users/mru/.m2/repository-local/io/netty/netty-handler/4.1.49.Final/netty-handler-4.1.49.Final.jar:/Users/mru/.m2/repository-local/io/netty/netty-common/4.1.49.Final/netty-common-4.1.49.Final.jar:/Users/mru/.m2/repository-local/io/netty/netty-resolver/4.1.49.Final/netty-resolver-4.1.49.Final.jar:/Users/mru/.m2/repository-local/io/netty/netty-buffer/4.1.49.Final/netty-buffer-4.1.49.Final.jar:/Users/mru/.m2/repository-local/io/netty/netty-transport/4.1.49.Final/netty-transport-4.1.49.Final.jar:/Users/mru/.m2/repository-local/io/netty/netty-codec/4.1.49.Final/netty-codec-4.1.49.Final.jar:/Users/mru/.m2/repository-local/io/netty/netty-transport-native-epoll/4.1.49.Final/netty-transport-native-epoll-4.1.49.Final.jar:/Users/mru/.m2/repository-local/io/netty/netty-transport-native-unix-common/4.1.49.Final/netty-transport-native-unix-common-4.1.49.Final.jar:/Users/mru/.m2/repository-local/commons-cli/commons-cli/1.4/commons-cli-1.4.jar:/Users/mru/.m2/repository-local/org/apache/kafka/kafka_2.12/2.5.0/kafka_2.12-2.5.0-test.jar:/Users/mru/.m2/repository-local/org/junit/jupiter/junit-jupiter-api/5.6.2/junit-jupiter-api-5.6.2.jar:/Users/mru/.m2/repository-local/org/apiguardian/apiguardian-api/1.1.0/apiguardian-api-1.1.0.jar:/Users/mru/.m2/repository-local/org/opentest4j/opentest4j/1.2.0/opentest4j-1.2.0.jar:/Users/mru/.m2/repository-local/org/junit/platform/junit-platform-commons/1.6.2/junit-platform-commons-1.6.2.jar:"/>
    <property name="java.vm.vendor" value="Oracle Corporation"/>
    <property name="sun.arch.data.model" value="64"/>
    <property name="java.vendor.url" value="http://java.oracle.com/"/>
    <property name="user.timezone" value=""/>
    <property name="java.vm.specification.version" value="11"/>
    <property name="os.name" value="Mac OS X"/>
    <property name="sun.java.launcher" value="SUN_STANDARD"/>
    <property name="user.country" value="GB"/>
    <property name="sun.boot.library.path" value="/Users/mru/.sdkman/candidates/java/11.0.1-open/lib"/>
    <property name="sun.java.command" value="/Users/mru/github_repo/kafka-rest-ingest/target/surefire/surefirebooter16093220983780217946.jar /Users/mru/github_repo/kafka-rest-ingest/target/surefire 2020-05-21T10-41-38_967-jvmRun1 surefire13149481149358731847tmp surefire_016245989141490996556tmp"/>
    <property name="http.nonProxyHosts" value="local|*.local|169.254/16|*.169.254/16"/>
    <property name="jdk.debug" value="release"/>
    <property name="surefire.test.class.path" value="/Users/mru/github_repo/kafka-rest-ingest/target/test-classes:/Users/mru/github_repo/kafka-rest-ingest/target/classes:/Users/mru/.m2/repository-local/org/springframework/boot/spring-boot-starter-web/2.3.0.RELEASE/spring-boot-starter-web-2.3.0.RELEASE.jar:/Users/mru/.m2/repository-local/org/springframework/boot/spring-boot-starter/2.3.0.RELEASE/spring-boot-starter-2.3.0.RELEASE.jar:/Users/mru/.m2/repository-local/org/springframework/boot/spring-boot/2.3.0.RELEASE/spring-boot-2.3.0.RELEASE.jar:/Users/mru/.m2/repository-local/org/springframework/boot/spring-boot-autoconfigure/2.3.0.RELEASE/spring-boot-autoconfigure-2.3.0.RELEASE.jar:/Users/mru/.m2/repository-local/org/springframework/boot/spring-boot-starter-logging/2.3.0.RELEASE/spring-boot-starter-logging-2.3.0.RELEASE.jar:/Users/mru/.m2/repository-local/ch/qos/logback/logback-classic/1.2.3/logback-classic-1.2.3.jar:/Users/mru/.m2/repository-local/ch/qos/logback/logback-core/1.2.3/logback-core-1.2.3.jar:/Users/mru/.m2/repository-local/org/apache/logging/log4j/log4j-to-slf4j/2.13.2/log4j-to-slf4j-2.13.2.jar:/Users/mru/.m2/repository-local/org/apache/logging/log4j/log4j-api/2.13.2/log4j-api-2.13.2.jar:/Users/mru/.m2/repository-local/org/slf4j/jul-to-slf4j/1.7.30/jul-to-slf4j-1.7.30.jar:/Users/mru/.m2/repository-local/jakarta/annotation/jakarta.annotation-api/1.3.5/jakarta.annotation-api-1.3.5.jar:/Users/mru/.m2/repository-local/org/yaml/snakeyaml/1.26/snakeyaml-1.26.jar:/Users/mru/.m2/repository-local/org/springframework/boot/spring-boot-starter-json/2.3.0.RELEASE/spring-boot-starter-json-2.3.0.RELEASE.jar:/Users/mru/.m2/repository-local/com/fasterxml/jackson/core/jackson-databind/2.11.0/jackson-databind-2.11.0.jar:/Users/mru/.m2/repository-local/com/fasterxml/jackson/core/jackson-annotations/2.11.0/jackson-annotations-2.11.0.jar:/Users/mru/.m2/repository-local/com/fasterxml/jackson/core/jackson-core/2.11.0/jackson-core-2.11.0.jar:/Users/mru/.m2/repository-local/com/fasterxml/jackson/datatype/jackson-datatype-jdk8/2.11.0/jackson-datatype-jdk8-2.11.0.jar:/Users/mru/.m2/repository-local/com/fasterxml/jackson/datatype/jackson-datatype-jsr310/2.11.0/jackson-datatype-jsr310-2.11.0.jar:/Users/mru/.m2/repository-local/com/fasterxml/jackson/module/jackson-module-parameter-names/2.11.0/jackson-module-parameter-names-2.11.0.jar:/Users/mru/.m2/repository-local/org/springframework/boot/spring-boot-starter-tomcat/2.3.0.RELEASE/spring-boot-starter-tomcat-2.3.0.RELEASE.jar:/Users/mru/.m2/repository-local/org/apache/tomcat/embed/tomcat-embed-core/9.0.35/tomcat-embed-core-9.0.35.jar:/Users/mru/.m2/repository-local/org/glassfish/jakarta.el/3.0.3/jakarta.el-3.0.3.jar:/Users/mru/.m2/repository-local/org/apache/tomcat/embed/tomcat-embed-websocket/9.0.35/tomcat-embed-websocket-9.0.35.jar:/Users/mru/.m2/repository-local/org/springframework/spring-web/5.2.6.RELEASE/spring-web-5.2.6.RELEASE.jar:/Users/mru/.m2/repository-local/org/springframework/spring-beans/5.2.6.RELEASE/spring-beans-5.2.6.RELEASE.jar:/Users/mru/.m2/repository-local/org/springframework/spring-webmvc/5.2.6.RELEASE/spring-webmvc-5.2.6.RELEASE.jar:/Users/mru/.m2/repository-local/org/springframework/spring-aop/5.2.6.RELEASE/spring-aop-5.2.6.RELEASE.jar:/Users/mru/.m2/repository-local/org/springframework/spring-expression/5.2.6.RELEASE/spring-expression-5.2.6.RELEASE.jar:/Users/mru/.m2/repository-local/org/springframework/kafka/spring-kafka/2.5.0.RELEASE/spring-kafka-2.5.0.RELEASE.jar:/Users/mru/.m2/repository-local/org/springframework/spring-context/5.2.6.RELEASE/spring-context-5.2.6.RELEASE.jar:/Users/mru/.m2/repository-local/org/springframework/spring-messaging/5.2.6.RELEASE/spring-messaging-5.2.6.RELEASE.jar:/Users/mru/.m2/repository-local/org/springframework/spring-tx/5.2.6.RELEASE/spring-tx-5.2.6.RELEASE.jar:/Users/mru/.m2/repository-local/org/springframework/retry/spring-retry/1.2.5.RELEASE/spring-retry-1.2.5.RELEASE.jar:/Users/mru/.m2/repository-local/org/apache/kafka/kafka-clients/2.5.0/kafka-clients-2.5.0.jar:/Users/mru/.m2/repository-local/com/github/luben/zstd-jni/1.4.4-7/zstd-jni-1.4.4-7.jar:/Users/mru/.m2/repository-local/org/lz4/lz4-java/1.7.1/lz4-java-1.7.1.jar:/Users/mru/.m2/repository-local/org/xerial/snappy/snappy-java/1.1.7.3/snappy-java-1.1.7.3.jar:/Users/mru/.m2/repository-local/org/slf4j/slf4j-api/1.7.30/slf4j-api-1.7.30.jar:/Users/mru/.m2/repository-local/org/springframework/boot/spring-boot-starter-test/2.3.0.RELEASE/spring-boot-starter-test-2.3.0.RELEASE.jar:/Users/mru/.m2/repository-local/org/springframework/boot/spring-boot-test/2.3.0.RELEASE/spring-boot-test-2.3.0.RELEASE.jar:/Users/mru/.m2/repository-local/org/springframework/boot/spring-boot-test-autoconfigure/2.3.0.RELEASE/spring-boot-test-autoconfigure-2.3.0.RELEASE.jar:/Users/mru/.m2/repository-local/com/jayway/jsonpath/json-path/2.4.0/json-path-2.4.0.jar:/Users/mru/.m2/repository-local/net/minidev/json-smart/2.3/json-smart-2.3.jar:/Users/mru/.m2/repository-local/net/minidev/accessors-smart/1.2/accessors-smart-1.2.jar:/Users/mru/.m2/repository-local/org/ow2/asm/asm/5.0.4/asm-5.0.4.jar:/Users/mru/.m2/repository-local/jakarta/xml/bind/jakarta.xml.bind-api/2.3.3/jakarta.xml.bind-api-2.3.3.jar:/Users/mru/.m2/repository-local/jakarta/activation/jakarta.activation-api/1.2.2/jakarta.activation-api-1.2.2.jar:/Users/mru/.m2/repository-local/org/assertj/assertj-core/3.16.1/assertj-core-3.16.1.jar:/Users/mru/.m2/repository-local/org/hamcrest/hamcrest/2.2/hamcrest-2.2.jar:/Users/mru/.m2/repository-local/org/junit/jupiter/junit-jupiter/5.6.2/junit-jupiter-5.6.2.jar:/Users/mru/.m2/repository-local/org/junit/jupiter/junit-jupiter-params/5.6.2/junit-jupiter-params-5.6.2.jar:/Users/mru/.m2/repository-local/org/junit/jupiter/junit-jupiter-engine/5.6.2/junit-jupiter-engine-5.6.2.jar:/Users/mru/.m2/repository-local/org/junit/platform/junit-platform-engine/1.6.2/junit-platform-engine-1.6.2.jar:/Users/mru/.m2/repository-local/org/mockito/mockito-core/3.3.3/mockito-core-3.3.3.jar:/Users/mru/.m2/repository-local/net/bytebuddy/byte-buddy/1.10.10/byte-buddy-1.10.10.jar:/Users/mru/.m2/repository-local/net/bytebuddy/byte-buddy-agent/1.10.10/byte-buddy-agent-1.10.10.jar:/Users/mru/.m2/repository-local/org/objenesis/objenesis/2.6/objenesis-2.6.jar:/Users/mru/.m2/repository-local/org/mockito/mockito-junit-jupiter/3.3.3/mockito-junit-jupiter-3.3.3.jar:/Users/mru/.m2/repository-local/org/skyscreamer/jsonassert/1.5.0/jsonassert-1.5.0.jar:/Users/mru/.m2/repository-local/com/vaadin/external/google/android-json/0.0.20131108.vaadin1/android-json-0.0.20131108.vaadin1.jar:/Users/mru/.m2/repository-local/org/springframework/spring-core/5.2.6.RELEASE/spring-core-5.2.6.RELEASE.jar:/Users/mru/.m2/repository-local/org/springframework/spring-jcl/5.2.6.RELEASE/spring-jcl-5.2.6.RELEASE.jar:/Users/mru/.m2/repository-local/org/springframework/spring-test/5.2.6.RELEASE/spring-test-5.2.6.RELEASE.jar:/Users/mru/.m2/repository-local/org/xmlunit/xmlunit-core/2.7.0/xmlunit-core-2.7.0.jar:/Users/mru/.m2/repository-local/org/springframework/kafka/spring-kafka-test/2.5.0.RELEASE/spring-kafka-test-2.5.0.RELEASE.jar:/Users/mru/.m2/repository-local/org/apache/kafka/kafka-clients/2.5.0/kafka-clients-2.5.0-test.jar:/Users/mru/.m2/repository-local/org/apache/kafka/kafka-streams/2.5.0/kafka-streams-2.5.0.jar:/Users/mru/.m2/repository-local/org/apache/kafka/connect-json/2.5.0/connect-json-2.5.0.jar:/Users/mru/.m2/repository-local/org/apache/kafka/connect-api/2.5.0/connect-api-2.5.0.jar:/Users/mru/.m2/repository-local/org/rocksdb/rocksdbjni/5.18.3/rocksdbjni-5.18.3.jar:/Users/mru/.m2/repository-local/org/apache/kafka/kafka-streams-test-utils/2.5.0/kafka-streams-test-utils-2.5.0.jar:/Users/mru/.m2/repository-local/org/apache/kafka/kafka_2.12/2.5.0/kafka_2.12-2.5.0.jar:/Users/mru/.m2/repository-local/com/fasterxml/jackson/module/jackson-module-scala_2.12/2.11.0/jackson-module-scala_2.12-2.11.0.jar:/Users/mru/.m2/repository-local/com/fasterxml/jackson/module/jackson-module-paranamer/2.11.0/jackson-module-paranamer-2.11.0.jar:/Users/mru/.m2/repository-local/com/thoughtworks/paranamer/paranamer/2.8/paranamer-2.8.jar:/Users/mru/.m2/repository-local/com/fasterxml/jackson/dataformat/jackson-dataformat-csv/2.11.0/jackson-dataformat-csv-2.11.0.jar:/Users/mru/.m2/repository-local/net/sf/jopt-simple/jopt-simple/5.0.4/jopt-simple-5.0.4.jar:/Users/mru/.m2/repository-local/com/yammer/metrics/metrics-core/2.2.0/metrics-core-2.2.0.jar:/Users/mru/.m2/repository-local/org/scala-lang/modules/scala-collection-compat_2.12/2.1.3/scala-collection-compat_2.12-2.1.3.jar:/Users/mru/.m2/repository-local/org/scala-lang/modules/scala-java8-compat_2.12/0.9.0/scala-java8-compat_2.12-0.9.0.jar:/Users/mru/.m2/repository-local/org/scala-lang/scala-library/2.12.10/scala-library-2.12.10.jar:/Users/mru/.m2/repository-local/org/scala-lang/scala-reflect/2.12.10/scala-reflect-2.12.10.jar:/Users/mru/.m2/repository-local/com/typesafe/scala-logging/scala-logging_2.12/3.9.2/scala-logging_2.12-3.9.2.jar:/Users/mru/.m2/repository-local/org/apache/zookeeper/zookeeper/3.5.7/zookeeper-3.5.7.jar:/Users/mru/.m2/repository-local/org/apache/zookeeper/zookeeper-jute/3.5.7/zookeeper-jute-3.5.7.jar:/Users/mru/.m2/repository-local/org/apache/yetus/audience-annotations/0.5.0/audience-annotations-0.5.0.jar:/Users/mru/.m2/repository-local/io/netty/netty-handler/4.1.49.Final/netty-handler-4.1.49.Final.jar:/Users/mru/.m2/repository-local/io/netty/netty-common/4.1.49.Final/netty-common-4.1.49.Final.jar:/Users/mru/.m2/repository-local/io/netty/netty-resolver/4.1.49.Final/netty-resolver-4.1.49.Final.jar:/Users/mru/.m2/repository-local/io/netty/netty-buffer/4.1.49.Final/netty-buffer-4.1.49.Final.jar:/Users/mru/.m2/repository-local/io/netty/netty-transport/4.1.49.Final/netty-transport-4.1.49.Final.jar:/Users/mru/.m2/repository-local/io/netty/netty-codec/4.1.49.Final/netty-codec-4.1.49.Final.jar:/Users/mru/.m2/repository-local/io/netty/netty-transport-native-epoll/4.1.49.Final/netty-transport-native-epoll-4.1.49.Final.jar:/Users/mru/.m2/repository-local/io/netty/netty-transport-native-unix-common/4.1.49.Final/netty-transport-native-unix-common-4.1.49.Final.jar:/Users/mru/.m2/repository-local/commons-cli/commons-cli/1.4/commons-cli-1.4.jar:/Users/mru/.m2/repository-local/org/apache/kafka/kafka_2.12/2.5.0/kafka_2.12-2.5.0-test.jar:/Users/mru/.m2/repository-local/org/junit/jupiter/junit-jupiter-api/5.6.2/junit-jupiter-api-5.6.2.jar:/Users/mru/.m2/repository-local/org/apiguardian/apiguardian-api/1.1.0/apiguardian-api-1.1.0.jar:/Users/mru/.m2/repository-local/org/opentest4j/opentest4j/1.2.0/opentest4j-1.2.0.jar:/Users/mru/.m2/repository-local/org/junit/platform/junit-platform-commons/1.6.2/junit-platform-commons-1.6.2.jar:"/>
    <property name="sun.cpu.endian" value="little"/>
    <property name="user.home" value="/Users/mru"/>
    <property name="user.language" value="en"/>
    <property name="java.specification.vendor" value="Oracle Corporation"/>
    <property name="java.version.date" value="2018-10-16"/>
    <property name="java.home" value="/Users/mru/.sdkman/candidates/java/11.0.1-open"/>
    <property name="file.separator" value="/"/>
    <property name="basedir" value="/Users/mru/github_repo/kafka-rest-ingest"/>
    <property name="java.vm.compressedOopsMode" value="Zero based"/>
    <property name="line.separator" value="&#10;"/>
    <property name="java.specification.name" value="Java Platform API Specification"/>
    <property name="java.vm.specification.vendor" value="Oracle Corporation"/>
    <property name="java.awt.graphicsenv" value="sun.awt.CGraphicsEnvironment"/>
    <property name="surefire.real.class.path" value="/Users/mru/github_repo/kafka-rest-ingest/target/surefire/surefirebooter16093220983780217946.jar"/>
    <property name="sun.management.compiler" value="HotSpot 64-Bit Tiered Compilers"/>
    <property name="ftp.nonProxyHosts" value="local|*.local|169.254/16|*.169.254/16"/>
    <property name="java.runtime.version" value="11.0.1+13"/>
    <property name="user.name" value="mru"/>
    <property name="path.separator" value=":"/>
    <property name="os.version" value="10.14.5"/>
    <property name="java.runtime.name" value="OpenJDK Runtime Environment"/>
    <property name="file.encoding" value="UTF-8"/>
    <property name="java.vm.name" value="OpenJDK 64-Bit Server VM"/>
    <property name="java.vendor.version" value="18.9"/>
    <property name="localRepository" value="/Users/mru/.m2/repository-local"/>
    <property name="java.vendor.url.bug" value="http://bugreport.java.com/bugreport/"/>
    <property name="java.io.tmpdir" value="/var/folders/jb/ld19qhgx03xd0ghsnds8lczh0000gn/T/"/>
    <property name="java.version" value="11.0.1"/>
    <property name="user.dir" value="/Users/mru/github_repo/kafka-rest-ingest"/>
    <property name="os.arch" value="x86_64"/>
    <property name="java.vm.specification.name" value="Java Virtual Machine Specification"/>
    <property name="java.awt.printerjob" value="sun.lwawt.macosx.CPrinterJob"/>
    <property name="sun.os.patch.level" value="unknown"/>
    <property name="java.library.path" value="/Users/mru/Library/Java/Extensions:/Library/Java/Extensions:/Network/Library/Java/Extensions:/System/Library/Java/Extensions:/usr/lib/java:."/>
    <property name="java.vendor" value="Oracle Corporation"/>
    <property name="java.vm.info" value="mixed mode"/>
    <property name="java.vm.version" value="11.0.1+13"/>
    <property name="sun.io.unicode.encoding" value="UnicodeBig"/>
    <property name="java.class.version" value="55.0"/>
    <property name="socksNonProxyHosts" value="local|*.local|169.254/16|*.169.254/16"/>
  </properties>
  <testcase name="contextLoads" classname="ch.yax.kafka.ingest.KafkaRestIngestApplicationTests" time="0.31"/>
</testsuite>